# JRE version: OpenJDK Runtime Environment Corretto-21.0.8.9.1 (21.0.8+9) (build 21.0.8+9-LTS)
# Java VM: OpenJDK 64-Bit Server VM Corretto-21.0.8.9.1 (21.0.8+9-LTS, mixed mode, sharing, tiered, compressed oops, compressed class ptrs, g1 gc, windows-amd64)
GC Precious Log:
 CardTable entry size: 512
 Card Set container configuration: InlinePtr #cards 5 size 8 Array Of Cards #cards 12 size 40 Howl #buckets 4 coarsen threshold 1843 Howl Bitmap #cards 512 size 80 coarsen threshold 460 Card regions per heap region 1 cards per card region 2048
 CPUs: 8 total, 8 available
 Memory: 8076M
 Large Page Support: Disabled
 NUMA Support: Disabled
 Compressed Oops: Enabled (32-bit)
 Heap Region Size: 1M
 Heap Min Capacity: 256M
 Heap Initial Capacity: 256M
 Heap Max Capacity: 512M
 Pre-touch: Disabled
 Parallel Workers: 8
 Concurrent Workers: 2
 Concurrent Refinement Workers: 8
 Periodic GC: Disabled
Heap:
 garbage-first heap   total 262144K, used 127556K [0x00000000e0000000, 0x0000000100000000)
  region size 1024K, 120 young (122880K), 11 survivors (11264K)
 Metaspace       used 42559K, committed 43072K, reserved 1114112K
  class space    used 5378K, committed 5632K, reserved 1048576K
GC Heap History (12 events):
Event: 1.145 GC heap before
{Heap before GC invocations=0 (full 0):
 garbage-first heap   total 262144K, used 22528K [0x00000000e0000000, 0x0000000100000000)
  region size 1024K, 23 young (23552K), 0 survivors (0K)
 Metaspace       used 1863K, committed 2112K, reserved 1114112K
  class space    used 181K, committed 320K, reserved 1048576K
}
Event: 1.157 GC heap after
{Heap after GC invocations=1 (full 0):
 garbage-first heap   total 262144K, used 2786K [0x00000000e0000000, 0x0000000100000000)
  region size 1024K, 3 young (3072K), 3 survivors (3072K)
 Metaspace       used 1863K, committed 2112K, reserved 1114112K
  class space    used 181K, committed 320K, reserved 1048576K
}
Event: 2.667 GC heap before
{Heap before GC invocations=1 (full 0):
 garbage-first heap   total 262144K, used 37602K [0x00000000e0000000, 0x0000000100000000)
  region size 1024K, 37 young (37888K), 3 survivors (3072K)
 Metaspace       used 6023K, committed 6400K, reserved 1114112K
  class space    used 704K, committed 896K, reserved 1048576K
}
Event: 2.673 GC heap after
{Heap after GC invocations=2 (full 0):
 garbage-first heap   total 262144K, used 4197K [0x00000000e0000000, 0x0000000100000000)
  region size 1024K, 2 young (2048K), 2 survivors (2048K)
 Metaspace       used 6023K, committed 6400K, reserved 1114112K
  class space    used 704K, committed 896K, reserved 1048576K
}
Event: 4.702 GC heap before
{Heap before GC invocations=2 (full 0):
 garbage-first heap   total 262144K, used 97381K [0x00000000e0000000, 0x0000000100000000)
  region size 1024K, 94 young (96256K), 2 survivors (2048K)
 Metaspace       used 15211K, committed 15552K, reserved 1114112K
  class space    used 2049K, committed 2176K, reserved 1048576K
}
Event: 4.711 GC heap after
{Heap after GC invocations=3 (full 0):
 garbage-first heap   total 262144K, used 7336K [0x00000000e0000000, 0x0000000100000000)
  region size 1024K, 5 young (5120K), 5 survivors (5120K)
 Metaspace       used 15211K, committed 15552K, reserved 1114112K
  class space    used 2049K, committed 2176K, reserved 1048576K
}
Event: 5.797 GC heap before
{Heap before GC invocations=3 (full 0):
 garbage-first heap   total 262144K, used 64680K [0x00000000e0000000, 0x0000000100000000)
  region size 1024K, 62 young (63488K), 5 survivors (5120K)
 Metaspace       used 21170K, committed 21504K, reserved 1114112K
  class space    used 2707K, committed 2880K, reserved 1048576K
}
Event: 5.808 GC heap after
{Heap after GC invocations=4 (full 0):
 garbage-first heap   total 262144K, used 10654K [0x00000000e0000000, 0x0000000100000000)
  region size 1024K, 8 young (8192K), 8 survivors (8192K)
 Metaspace       used 21170K, committed 21504K, reserved 1114112K
  class space    used 2707K, committed 2880K, reserved 1048576K
}
Event: 10.260 GC heap before
{Heap before GC invocations=5 (full 0):
 garbage-first heap   total 262144K, used 159134K [0x00000000e0000000, 0x0000000100000000)
  region size 1024K, 153 young (156672K), 8 survivors (8192K)
 Metaspace       used 32316K, committed 32832K, reserved 1114112K
  class space    used 4174K, committed 4416K, reserved 1048576K
}
Event: 10.276 GC heap after
{Heap after GC invocations=6 (full 0):
 garbage-first heap   total 262144K, used 16577K [0x00000000e0000000, 0x0000000100000000)
  region size 1024K, 14 young (14336K), 14 survivors (14336K)
 Metaspace       used 32316K, committed 32832K, reserved 1114112K
  class space    used 4174K, committed 4416K, reserved 1048576K
}
Event: 13.414 GC heap before
{Heap before GC invocations=6 (full 0):
 garbage-first heap   total 262144K, used 53441K [0x00000000e0000000, 0x0000000100000000)
  region size 1024K, 51 young (52224K), 14 survivors (14336K)
 Metaspace       used 35565K, committed 36096K, reserved 1114112K
  class space    used 4584K, committed 4864K, reserved 1048576K
}
Event: 13.430 GC heap after
{Heap after GC invocations=7 (full 0):
 garbage-first heap   total 262144K, used 17988K [0x00000000e0000000, 0x0000000100000000)
  region size 1024K, 11 young (11264K), 11 survivors (11264K)
 Metaspace       used 35565K, committed 36096K, reserved 1114112K
  class space    used 4584K, committed 4864K, reserved 1048576K
}

