# JRE version: OpenJDK Runtime Environment Temurin-21.0.9+10 (21.0.9+10) (build 21.0.9+10-LTS)
# Java VM: OpenJDK 64-Bit Server VM Temurin-21.0.9+10 (21.0.9+10-LTS, mixed mode, sharing, tiered, compressed oops, compressed class ptrs, parallel gc, windows-amd64)
GC Precious Log:
 CardTable entry size: 512
 CPUs: 8 total, 8 available
 Memory: 8076M
 Large Page Support: Disabled
 NUMA Support: Disabled
 Compressed Oops: Enabled (32-bit)
 Alignments: Space 512K, Generation 512K, Heap 2M
 Heap Min Capacity: 100M
 Heap Initial Capacity: 100M
 Heap Max Capacity: 2G
 Pre-touch: Disabled
 Parallel Workers: 8
Heap:
 PSYoungGen      total 9728K, used 9657K [0x00000000d5580000, 0x00000000d6d00000, 0x0000000100000000)
  eden space 5632K, 98% used [0x00000000d5580000,0x00000000d5aee4b8,0x00000000d5b00000)
  from space 4096K, 100% used [0x00000000d5b00000,0x00000000d5f00000,0x00000000d5f00000)
  to   space 9216K, 0% used [0x00000000d6400000,0x00000000d6400000,0x00000000d6d00000)
 ParOldGen       total 475136K, used 474855K [0x0000000080000000, 0x000000009d000000, 0x00000000d5580000)
  object space 475136K, 99% used [0x0000000080000000,0x000000009cfb9e70,0x000000009d000000)
 Metaspace       used 87345K, committed 89088K, reserved 1179648K
  class space    used 9184K, committed 9984K, reserved 1048576K
GC Heap History (20 events):
Event: 1543.567 GC heap before
{Heap before GC invocations=1104 (full 5):
 PSYoungGen      total 2560K, used 2559K [0x00000000d5580000, 0x00000000d5b00000, 0x0000000100000000)
  eden space 1536K, 99% used [0x00000000d5580000,0x00000000d56fffc0,0x00000000d5700000)
  from space 1024K, 100% used [0x00000000d5700000,0x00000000d5800000,0x00000000d5800000)
  to   space 2048K, 0% used [0x00000000d5900000,0x00000000d5900000,0x00000000d5b00000)
 ParOldGen       total 456704K, used 454593K [0x0000000080000000, 0x000000009be00000, 0x00000000d5580000)
  object space 456704K, 99% used [0x0000000080000000,0x000000009bbf0410,0x000000009be00000)
 Metaspace       used 87345K, committed 89088K, reserved 1179648K
  class space    used 9184K, committed 9984K, reserved 1048576K
}
Event: 1543.582 GC heap after
{Heap after GC invocations=1104 (full 5):
 PSYoungGen      total 3584K, used 1600K [0x00000000d5580000, 0x00000000d5b80000, 0x0000000100000000)
  eden space 1536K, 0% used [0x00000000d5580000,0x00000000d5580000,0x00000000d5700000)
  from space 2048K, 78% used [0x00000000d5900000,0x00000000d5a90000,0x00000000d5b00000)
  to   space 2048K, 0% used [0x00000000d5700000,0x00000000d5700000,0x00000000d5900000)
 ParOldGen       total 456704K, used 455577K [0x0000000080000000, 0x000000009be00000, 0x00000000d5580000)
  object space 456704K, 99% used [0x0000000080000000,0x000000009bce6410,0x000000009be00000)
 Metaspace       used 87345K, committed 89088K, reserved 1179648K
  class space    used 9184K, committed 9984K, reserved 1048576K
}
Event: 1543.591 GC heap before
{Heap before GC invocations=1105 (full 5):
 PSYoungGen      total 3584K, used 3136K [0x00000000d5580000, 0x00000000d5b80000, 0x0000000100000000)
  eden space 1536K, 100% used [0x00000000d5580000,0x00000000d5700000,0x00000000d5700000)
  from space 2048K, 78% used [0x00000000d5900000,0x00000000d5a90000,0x00000000d5b00000)
  to   space 2048K, 0% used [0x00000000d5700000,0x00000000d5700000,0x00000000d5900000)
 ParOldGen       total 456704K, used 455577K [0x0000000080000000, 0x000000009be00000, 0x00000000d5580000)
  object space 456704K, 99% used [0x0000000080000000,0x000000009bce6410,0x000000009be00000)
 Metaspace       used 87345K, committed 89088K, reserved 1179648K
  class space    used 9184K, committed 9984K, reserved 1048576K
}
Event: 1543.596 GC heap after
{Heap after GC invocations=1105 (full 5):
 PSYoungGen      total 3584K, used 1632K [0x00000000d5580000, 0x00000000d5b80000, 0x0000000100000000)
  eden space 1536K, 0% used [0x00000000d5580000,0x00000000d5580000,0x00000000d5700000)
  from space 2048K, 79% used [0x00000000d5700000,0x00000000d5898000,0x00000000d5900000)
  to   space 2048K, 0% used [0x00000000d5980000,0x00000000d5980000,0x00000000d5b80000)
 ParOldGen       total 457216K, used 457121K [0x0000000080000000, 0x000000009be80000, 0x00000000d5580000)
  object space 457216K, 99% used [0x0000000080000000,0x000000009be68410,0x000000009be80000)
 Metaspace       used 87345K, committed 89088K, reserved 1179648K
  class space    used 9184K, committed 9984K, reserved 1048576K
}
Event: 1543.605 GC heap before
{Heap before GC invocations=1106 (full 5):
 PSYoungGen      total 3584K, used 3168K [0x00000000d5580000, 0x00000000d5b80000, 0x0000000100000000)
  eden space 1536K, 100% used [0x00000000d5580000,0x00000000d5700000,0x00000000d5700000)
  from space 2048K, 79% used [0x00000000d5700000,0x00000000d5898000,0x00000000d5900000)
  to   space 2048K, 0% used [0x00000000d5980000,0x00000000d5980000,0x00000000d5b80000)
 ParOldGen       total 457216K, used 457121K [0x0000000080000000, 0x000000009be80000, 0x00000000d5580000)
  object space 457216K, 99% used [0x0000000080000000,0x000000009be68410,0x000000009be80000)
 Metaspace       used 87345K, committed 89088K, reserved 1179648K
  class space    used 9184K, committed 9984K, reserved 1048576K
}
Event: 1543.614 GC heap after
{Heap after GC invocations=1106 (full 5):
 PSYoungGen      total 4096K, used 1632K [0x00000000d5580000, 0x00000000d5b80000, 0x0000000100000000)
  eden space 2048K, 0% used [0x00000000d5580000,0x00000000d5580000,0x00000000d5780000)
  from space 2048K, 79% used [0x00000000d5980000,0x00000000d5b18000,0x00000000d5b80000)
  to   space 2048K, 0% used [0x00000000d5780000,0x00000000d5780000,0x00000000d5980000)
 ParOldGen       total 458752K, used 458673K [0x0000000080000000, 0x000000009c000000, 0x00000000d5580000)
  object space 458752K, 99% used [0x0000000080000000,0x000000009bfec410,0x000000009c000000)
 Metaspace       used 87345K, committed 89088K, reserved 1179648K
  class space    used 9184K, committed 9984K, reserved 1048576K
}
Event: 1543.623 GC heap before
{Heap before GC invocations=1107 (full 5):
 PSYoungGen      total 4096K, used 3680K [0x00000000d5580000, 0x00000000d5b80000, 0x0000000100000000)
  eden space 2048K, 100% used [0x00000000d5580000,0x00000000d5780000,0x00000000d5780000)
  from space 2048K, 79% used [0x00000000d5980000,0x00000000d5b18000,0x00000000d5b80000)
  to   space 2048K, 0% used [0x00000000d5780000,0x00000000d5780000,0x00000000d5980000)
 ParOldGen       total 458752K, used 458673K [0x0000000080000000, 0x000000009c000000, 0x00000000d5580000)
  object space 458752K, 99% used [0x0000000080000000,0x000000009bfec410,0x000000009c000000)
 Metaspace       used 87345K, committed 89088K, reserved 1179648K
  class space    used 9184K, committed 9984K, reserved 1048576K
}
Event: 1543.629 GC heap after
{Heap after GC invocations=1107 (full 5):
 PSYoungGen      total 4096K, used 2048K [0x00000000d5580000, 0x00000000d6000000, 0x0000000100000000)
  eden space 2048K, 0% used [0x00000000d5580000,0x00000000d5580000,0x00000000d5780000)
  from space 2048K, 100% used [0x00000000d5780000,0x00000000d5980000,0x00000000d5980000)
  to   space 4096K, 0% used [0x00000000d5c00000,0x00000000d5c00000,0x00000000d6000000)
 ParOldGen       total 460288K, used 460241K [0x0000000080000000, 0x000000009c180000, 0x00000000d5580000)
  object space 460288K, 99% used [0x0000000080000000,0x000000009c174410,0x000000009c180000)
 Metaspace       used 87345K, committed 89088K, reserved 1179648K
  class space    used 9184K, committed 9984K, reserved 1048576K
}
Event: 1543.640 GC heap before
{Heap before GC invocations=1108 (full 5):
 PSYoungGen      total 4096K, used 4095K [0x00000000d5580000, 0x00000000d6000000, 0x0000000100000000)
  eden space 2048K, 99% used [0x00000000d5580000,0x00000000d577ffb0,0x00000000d5780000)
  from space 2048K, 100% used [0x00000000d5780000,0x00000000d5980000,0x00000000d5980000)
  to   space 4096K, 0% used [0x00000000d5c00000,0x00000000d5c00000,0x00000000d6000000)
 ParOldGen       total 460288K, used 460241K [0x0000000080000000, 0x000000009c180000, 0x00000000d5580000)
  object space 460288K, 99% used [0x0000000080000000,0x000000009c174410,0x000000009c180000)
 Metaspace       used 87345K, committed 89088K, reserved 1179648K
  class space    used 9184K, committed 9984K, reserved 1048576K
}
Event: 1543.647 GC heap after
{Heap after GC invocations=1108 (full 5):
 PSYoungGen      total 5120K, used 2144K [0x00000000d5580000, 0x00000000d5e80000, 0x0000000100000000)
  eden space 2560K, 0% used [0x00000000d5580000,0x00000000d5580000,0x00000000d5800000)
  from space 2560K, 83% used [0x00000000d5c00000,0x00000000d5e18000,0x00000000d5e80000)
  to   space 3072K, 0% used [0x00000000d5880000,0x00000000d5880000,0x00000000d5b80000)
 ParOldGen       total 462336K, used 462273K [0x0000000080000000, 0x000000009c380000, 0x00000000d5580000)
  object space 462336K, 99% used [0x0000000080000000,0x000000009c370410,0x000000009c380000)
 Metaspace       used 87345K, committed 89088K, reserved 1179648K
  class space    used 9184K, committed 9984K, reserved 1048576K
}
Event: 1543.661 GC heap before
{Heap before GC invocations=1109 (full 5):
 PSYoungGen      total 5120K, used 4704K [0x00000000d5580000, 0x00000000d5e80000, 0x0000000100000000)
  eden space 2560K, 100% used [0x00000000d5580000,0x00000000d5800000,0x00000000d5800000)
  from space 2560K, 83% used [0x00000000d5c00000,0x00000000d5e18000,0x00000000d5e80000)
  to   space 3072K, 0% used [0x00000000d5880000,0x00000000d5880000,0x00000000d5b80000)
 ParOldGen       total 462336K, used 462273K [0x0000000080000000, 0x000000009c380000, 0x00000000d5580000)
  object space 462336K, 99% used [0x0000000080000000,0x000000009c370410,0x000000009c380000)
 Metaspace       used 87345K, committed 89088K, reserved 1179648K
  class space    used 9184K, committed 9984K, reserved 1048576K
}
Event: 1543.681 GC heap after
{Heap after GC invocations=1109 (full 5):
 PSYoungGen      total 6144K, used 2656K [0x00000000d5580000, 0x00000000d5e80000, 0x0000000100000000)
  eden space 3072K, 0% used [0x00000000d5580000,0x00000000d5580000,0x00000000d5880000)
  from space 3072K, 86% used [0x00000000d5880000,0x00000000d5b18000,0x00000000d5b80000)
  to   space 3072K, 0% used [0x00000000d5b80000,0x00000000d5b80000,0x00000000d5e80000)
 ParOldGen       total 464384K, used 464345K [0x0000000080000000, 0x000000009c580000, 0x00000000d5580000)
  object space 464384K, 99% used [0x0000000080000000,0x000000009c576410,0x000000009c580000)
 Metaspace       used 87345K, committed 89088K, reserved 1179648K
  class space    used 9184K, committed 9984K, reserved 1048576K
}
Event: 1543.703 GC heap before
{Heap before GC invocations=1110 (full 5):
 PSYoungGen      total 6144K, used 5391K [0x00000000d5580000, 0x00000000d5e80000, 0x0000000100000000)
  eden space 3072K, 89% used [0x00000000d5580000,0x00000000d582bc78,0x00000000d5880000)
  from space 3072K, 86% used [0x00000000d5880000,0x00000000d5b18000,0x00000000d5b80000)
  to   space 3072K, 0% used [0x00000000d5b80000,0x00000000d5b80000,0x00000000d5e80000)
 ParOldGen       total 464384K, used 464345K [0x0000000080000000, 0x000000009c580000, 0x00000000d5580000)
  object space 464384K, 99% used [0x0000000080000000,0x000000009c576410,0x000000009c580000)
 Metaspace       used 87345K, committed 89088K, reserved 1179648K
  class space    used 9184K, committed 9984K, reserved 1048576K
}
Event: 1543.728 GC heap after
{Heap after GC invocations=1110 (full 5):
 PSYoungGen      total 6656K, used 2204K [0x00000000d5580000, 0x00000000d5e80000, 0x0000000100000000)
  eden space 3584K, 0% used [0x00000000d5580000,0x00000000d5580000,0x00000000d5900000)
  from space 3072K, 71% used [0x00000000d5b80000,0x00000000d5da7000,0x00000000d5e80000)
  to   space 2560K, 0% used [0x00000000d5900000,0x00000000d5900000,0x00000000d5b80000)
 ParOldGen       total 466944K, used 466897K [0x0000000080000000, 0x000000009c800000, 0x00000000d5580000)
  object space 466944K, 99% used [0x0000000080000000,0x000000009c7f4410,0x000000009c800000)
 Metaspace       used 87345K, committed 89088K, reserved 1179648K
  class space    used 9184K, committed 9984K, reserved 1048576K
}
Event: 1543.753 GC heap before
{Heap before GC invocations=1111 (full 5):
 PSYoungGen      total 6656K, used 4974K [0x00000000d5580000, 0x00000000d5e80000, 0x0000000100000000)
  eden space 3584K, 77% used [0x00000000d5580000,0x00000000d5834ab0,0x00000000d5900000)
  from space 3072K, 71% used [0x00000000d5b80000,0x00000000d5da7000,0x00000000d5e80000)
  to   space 2560K, 0% used [0x00000000d5900000,0x00000000d5900000,0x00000000d5b80000)
 ParOldGen       total 466944K, used 466897K [0x0000000080000000, 0x000000009c800000, 0x00000000d5580000)
  object space 466944K, 99% used [0x0000000080000000,0x000000009c7f4410,0x000000009c800000)
 Metaspace       used 87345K, committed 89088K, reserved 1179648K
  class space    used 9184K, committed 9984K, reserved 1048576K
}
Event: 1543.759 GC heap after
{Heap after GC invocations=1111 (full 5):
 PSYoungGen      total 6144K, used 2554K [0x00000000d5580000, 0x00000000d6400000, 0x0000000100000000)
  eden space 3584K, 0% used [0x00000000d5580000,0x00000000d5580000,0x00000000d5900000)
  from space 2560K, 99% used [0x00000000d5900000,0x00000000d5b7e800,0x00000000d5b80000)
  to   space 5120K, 0% used [0x00000000d5f00000,0x00000000d5f00000,0x00000000d6400000)
 ParOldGen       total 468992K, used 468711K [0x0000000080000000, 0x000000009ca00000, 0x00000000d5580000)
  object space 468992K, 99% used [0x0000000080000000,0x000000009c9b9c10,0x000000009ca00000)
 Metaspace       used 87345K, committed 89088K, reserved 1179648K
  class space    used 9184K, committed 9984K, reserved 1048576K
}
Event: 1543.869 GC heap before
{Heap before GC invocations=1112 (full 5):
 PSYoungGen      total 6144K, used 6138K [0x00000000d5580000, 0x00000000d6400000, 0x0000000100000000)
  eden space 3584K, 100% used [0x00000000d5580000,0x00000000d5900000,0x00000000d5900000)
  from space 2560K, 99% used [0x00000000d5900000,0x00000000d5b7e800,0x00000000d5b80000)
  to   space 5120K, 0% used [0x00000000d5f00000,0x00000000d5f00000,0x00000000d6400000)
 ParOldGen       total 468992K, used 468711K [0x0000000080000000, 0x000000009ca00000, 0x00000000d5580000)
  object space 468992K, 99% used [0x0000000080000000,0x000000009c9b9c10,0x000000009ca00000)
 Metaspace       used 87345K, committed 89088K, reserved 1179648K
  class space    used 9184K, committed 9984K, reserved 1048576K
}
Event: 1543.877 GC heap after
{Heap after GC invocations=1112 (full 5):
 PSYoungGen      total 8704K, used 3692K [0x00000000d5580000, 0x00000000d6300000, 0x0000000100000000)
  eden space 4608K, 0% used [0x00000000d5580000,0x00000000d5580000,0x00000000d5a00000)
  from space 4096K, 90% used [0x00000000d5f00000,0x00000000d629b260,0x00000000d6300000)
  to   space 4096K, 0% used [0x00000000d5b00000,0x00000000d5b00000,0x00000000d5f00000)
 ParOldGen       total 471040K, used 470699K [0x0000000080000000, 0x000000009cc00000, 0x00000000d5580000)
  object space 471040K, 99% used [0x0000000080000000,0x000000009cbaac10,0x000000009cc00000)
 Metaspace       used 87345K, committed 89088K, reserved 1179648K
  class space    used 9184K, committed 9984K, reserved 1048576K
}
Event: 1543.903 GC heap before
{Heap before GC invocations=1113 (full 5):
 PSYoungGen      total 8704K, used 8300K [0x00000000d5580000, 0x00000000d6300000, 0x0000000100000000)
  eden space 4608K, 100% used [0x00000000d5580000,0x00000000d5a00000,0x00000000d5a00000)
  from space 4096K, 90% used [0x00000000d5f00000,0x00000000d629b260,0x00000000d6300000)
  to   space 4096K, 0% used [0x00000000d5b00000,0x00000000d5b00000,0x00000000d5f00000)
 ParOldGen       total 471040K, used 470699K [0x0000000080000000, 0x000000009cc00000, 0x00000000d5580000)
  object space 471040K, 99% used [0x0000000080000000,0x000000009cbaac10,0x000000009cc00000)
 Metaspace       used 87345K, committed 89088K, reserved 1179648K
  class space    used 9184K, committed 9984K, reserved 1048576K
}
Event: 1543.911 GC heap after
{Heap after GC invocations=1113 (full 5):
 PSYoungGen      total 9728K, used 4096K [0x00000000d5580000, 0x00000000d6d00000, 0x0000000100000000)
  eden space 5632K, 0% used [0x00000000d5580000,0x00000000d5580000,0x00000000d5b00000)
  from space 4096K, 100% used [0x00000000d5b00000,0x00000000d5f00000,0x00000000d5f00000)
  to   space 9216K, 0% used [0x00000000d6400000,0x00000000d6400000,0x00000000d6d00000)
 ParOldGen       total 475136K, used 474855K [0x0000000080000000, 0x000000009d000000, 0x00000000d5580000)
  object space 475136K, 99% used [0x0000000080000000,0x000000009cfb9e70,0x000000009d000000)
 Metaspace       used 87345K, committed 89088K, reserved 1179648K
  class space    used 9184K, committed 9984K, reserved 1048576K
}

